            --------------------------------------------------------
                             AMBER SQM VERSION 19
 
                                     By
              Ross C. Walker, Michael F. Crowley, Scott Brozell,
                         Tim Giese, Andreas W. Goetz,
                        Tai-Sung Lee and David A. Case
 
            --------------------------------------------------------
 

--------------------------------------------------------------------------------
  QM CALCULATION INFO
--------------------------------------------------------------------------------

| QMMM: Citation for AMBER QMMM Run:
| QMMM: R.C. Walker, M.F. Crowley and D.A. Case, J. COMP. CHEM. 29:1019, 2008

QMMM: SINGLET STATE CALCULATION
QMMM: RHF CALCULATION, NO. OF DOUBLY OCCUPIED LEVELS = 72

| QMMM: *** Selected Hamiltonian *** 
| QMMM: AM1         

| QMMM: *** Parameter sets in use ***
| QMMM: C : M.J.S.DEWAR et al. JACS, 107, 3902, (1985)
| QMMM: O : M.J.S.DEWAR et al. JACS, 107, 3902, (1985)
| QMMM: H : M.J.S.DEWAR et al. JACS, 107, 3902, (1985)

| QMMM: *** SCF convergence criteria ***
| QMMM: Energy change                :  0.1D-09 kcal/mol
| QMMM: Error matrix |FP-PF|         :  0.1D+00 au
| QMMM: Density matrix change        :  0.5D-06
| QMMM: Maximum number of SCF cycles :     1000

| QMMM: *** Diagonalization Routine Information ***
| QMMM: Pseudo diagonalizations are allowed.
| QMMM: Auto diagonalization routine selection is in use.
| QMMM:
| QMMM: Timing diagonalization routines:
| QMMM:                              norbs =      135
| QMMM:    diag iterations used for timing =       10
| QMMM:
| QMMM:              Internal diag routine = 0.064477 seconds
| QMMM:                 Dspev diag routine = 0.064067 seconds
| QMMM:                Dspevd diag routine = 0.032832 seconds
| QMMM:                Dspevx diag routine = 0.179793 seconds
| QMMM:                 Dsyev diag routine = 0.077953 seconds
| QMMM:                Dsyevd diag routine = 0.046659 seconds
| QMMM:                Dsyevr diag routine = 0.054971 seconds
| QMMM:
| QMMM:                Pseudo diag routine = 0.041510 seconds
| QMMM: Pseudo diagonalization appears to be slower than regular
| QMMM: diagonalization. Setting pseudo_diag=0 for optimum performance.
| QMMM:
| QMMM: Using dspevd routine (diag_routine=3).

  QMMM: QM Region Cartesian Coordinates (*=link atom) 
  QMMM: QM_NO.   MM_NO.  ATOM         X         Y         Z
  QMMM:     1        1      C       59.8090   46.0540  -29.7170
  QMMM:     2        2      C       60.8220   48.5730  -30.4570
  QMMM:     3        3      C       60.4980   46.8650  -28.7790
  QMMM:     4        4      C       59.6670   46.5170  -31.0210
  QMMM:     5        5      C       61.0210   48.1490  -29.1260
  QMMM:     6        6      C       60.1680   47.7520  -31.3800
  QMMM:     7        7      O       59.9550   48.1800  -32.6690
  QMMM:     8        8      O       61.6060   48.9090  -28.3010
  QMMM:     9        9      O       60.2950   47.3260  -26.5040
  QMMM:    10       10      O       60.9600   45.2150  -27.0730
  QMMM:    11       11      C       59.0520   44.7920  -29.4060
  QMMM:    12       12      C       57.6010   45.1430  -29.1400
  QMMM:    13       13      C       56.7670   43.8900  -29.0210
  QMMM:    14       14      C       55.3190   44.2790  -28.8250
  QMMM:    15       15      C       61.2020   49.9770  -30.8440
  QMMM:    16       16      C       59.1960   51.4730  -31.3190
  QMMM:    17       17      C       60.1060   50.9330  -30.4930
  QMMM:    18       18      C       58.0750   52.2880  -30.7660
  QMMM:    19       19      C       54.4620   43.0390  -28.7430
  QMMM:    20       20      C       56.9950   51.4140  -30.1330
  QMMM:    21       21      C       60.6800   46.3650  -27.3820
  QMMM:    22       22      C       59.1450   51.2980  -32.7980
  QMMM:    23       23      C       57.2070   51.2600  -28.6560
  QMMM:    24       24      C       57.3050   50.1200  -27.9560
  QMMM:    25       25      C       57.2300   48.7460  -28.5280
  QMMM:    26       26      C       57.5090   50.1530  -26.4800
  QMMM:    27       27      H       59.4740   44.2440  -28.5640
  QMMM:    28       28      H       59.1150   44.1140  -30.2620
  QMMM:    29       29      H       57.2020   45.7610  -29.9510
  QMMM:    30       30      H       57.5210   45.7320  -28.2220
  QMMM:    31       31      H       57.1150   43.2860  -28.1800
  QMMM:    32       32      H       56.8710   43.2870  -29.9280
  QMMM:    33       33      H       54.9860   44.9040  -29.6580
  QMMM:    34       34      H       55.2130   44.8650  -27.9080
  QMMM:    35       35      H       59.1250   45.9210  -31.7450
  QMMM:    36       36      H       61.4620   50.0220  -31.9050
  QMMM:    37       37      H       62.1140   50.2730  -30.3210
  QMMM:    38       38      H       60.0100   51.1390  -29.4340
  QMMM:    39       39      H       57.6270   52.8510  -31.5900
  QMMM:    40       40      H       58.4570   53.0380  -30.0640
  QMMM:    41       41      H       54.7750   42.4120  -27.9030
  QMMM:    42       42      H       54.5520   42.4530  -29.6610
  QMMM:    43       43      H       53.4130   43.3110  -28.6040
  QMMM:    44       44      H       56.9110   50.4540  -30.6500
  QMMM:    45       45      H       56.0320   51.9080  -30.2720
  QMMM:    46       46      H       60.0290   50.8010  -33.2030
  QMMM:    47       47      H       59.0800   52.2800  -33.2680
  QMMM:    48       48      H       58.2610   50.7190  -33.0800
  QMMM:    49       49      H       57.2800   52.1890  -28.1040
  QMMM:    50       50      H       60.3100   49.0850  -32.6980
  QMMM:    51       51      H       57.1820   48.7280  -29.6190
  QMMM:    52       52      H       56.3460   48.2310  -28.1410
  QMMM:    53       53      H       58.1120   48.1780  -28.2270
  QMMM:    54       54      H       57.5440   51.1740  -26.0870
  QMMM:    55       55      H       58.4490   49.6590  -26.2220
  QMMM:    56       56      H       56.6930   49.6260  -25.9790
  QMMM:    57       57      H       61.9310   49.7420  -28.5810

--------------------------------------------------------------------------------
  RESULTS
--------------------------------------------------------------------------------

      iter         sqm energy              rms gradient
      ----    -------------------    -----------------------
xmin    10     -210.9090 kcal/mol        1.1378 kcal/(mol*A)
xmin    20     -218.2461 kcal/mol        1.9319 kcal/(mol*A)
xmin    30     -222.7620 kcal/mol        0.3804 kcal/(mol*A)
xmin    40     -223.5195 kcal/mol        0.1615 kcal/(mol*A)
xmin    50     -223.6556 kcal/mol        0.0846 kcal/(mol*A)
xmin    60     -223.7053 kcal/mol        0.0410 kcal/(mol*A)
xmin    70     -223.7172 kcal/mol        0.0463 kcal/(mol*A)
xmin    80     -223.7225 kcal/mol        0.0147 kcal/(mol*A)
xmin    90     -223.7258 kcal/mol        0.0159 kcal/(mol*A)
xmin   100     -223.7276 kcal/mol        0.0027 kcal/(mol*A)
xmin   110     -223.7277 kcal/mol        0.0015 kcal/(mol*A)
  ... geometry converged !
 
 Final MO eigenvalues (eV):
 -37.8505  -35.8799  -35.6709  -34.7979  -33.8532  -33.4505  -33.0082  -31.3290
 -30.1417  -29.7556  -28.9193  -26.6699  -26.5683  -25.0956  -25.0266  -24.3637
 -22.4758  -20.8738  -20.4321  -19.8940  -18.9685  -18.5189  -16.6197  -16.2305
 -16.1785  -16.0076  -14.5668  -14.1955  -13.7549  -13.6627  -13.2910  -13.0822
 -12.6485  -12.5519  -12.4632  -12.3378  -12.0848  -11.9035  -11.8826  -11.8125
 -11.6013  -11.3449  -11.1964  -11.0674  -10.9212  -10.7790  -10.6111  -10.4525
 -10.2220  -10.1005  -10.0761  -10.0081   -9.9150   -9.8439   -9.5638   -9.5172
  -9.4848   -9.2649   -9.2044   -9.0597   -8.8889   -8.8185   -8.6391   -8.2044
  -8.1471   -6.9696   -6.5562   -5.9161   -5.8495   -5.5443   -5.5154   -5.3678
   3.4099    3.7106    3.7858    3.9206    5.7516    6.0474    6.0835    6.1476
   6.1639    6.2177    6.3660    6.4865    6.5812    6.6119    6.6360    6.6793
   6.7515    6.7859    6.8814    6.9015    6.9436    6.9745    7.0104    7.0304
   7.0888    7.0949    7.1450    7.1768    7.1960    7.2761    7.3031    7.3509
   7.4093    7.4443    7.4733    7.5372    7.5719    7.5890    7.6319    7.6644
   7.7442    7.8155    7.8922    7.8959    7.9538    7.9670    8.0421    8.1208
   8.1825    8.2091    8.3282    8.3592    8.4580    8.4927    8.5201    8.6225
   8.8601    8.9396    9.1020    9.3555    9.9855   11.7578   12.5716

 Heat of formation   =       -223.72766941 kcal/mol  (       -9.70155975 eV)

 Total SCF energy    =    -104437.11944630 kcal/mol  (    -4528.73333534 eV)
 Electronic energy   =    -864972.27743440 kcal/mol  (   -37508.01255082 eV)
 Core-core repulsion =     760535.15798810 kcal/mol  (    32979.27921548 eV)
 
    Atomic Charges for Step       1 :
  Atom    Element       Mulliken Charge
     1      C                  0.014
     2      C                 -0.202
     3      C                 -0.202
     4      C                 -0.214
     5      C                  0.153
     6      C                  0.085
     7      O                 -0.281
     8      O                 -0.298
     9      O                 -0.602
    10      O                 -0.533
    11      C                 -0.131
    12      C                 -0.153
    13      C                 -0.153
    14      C                 -0.160
    15      C                 -0.072
    16      C                 -0.154
    17      C                 -0.130
    18      C                 -0.110
    19      C                 -0.207
    20      C                 -0.113
    21      C                  0.363
    22      C                 -0.172
    23      C                 -0.218
    24      C                 -0.061
    25      C                 -0.204
    26      C                 -0.199
    27      H                  0.142
    28      H                  0.057
    29      H                  0.063
    30      H                  0.116
    31      H                  0.089
    32      H                  0.059
    33      H                  0.069
    34      H                  0.088
    35      H                  0.129
    36      H                  0.063
    37      H                  0.104
    38      H                  0.153
    39      H                  0.063
    40      H                  0.076
    41      H                  0.071
    42      H                  0.061
    43      H                  0.057
    44      H                  0.093
    45      H                  0.063
    46      H                  0.069
    47      H                  0.064
    48      H                  0.074
    49      H                  0.103
    50      H                  0.209
    51      H                  0.068
    52      H                  0.069
    53      H                  0.147
    54      H                  0.056
    55      H                  0.137
    56      H                  0.070
    57      H                  0.272
 Total Mulliken Charge =      -1.000
 
                  X        Y        Z     TOTAL  
  QM DIPOLE  -286.233 -225.270  134.207  388.185
 
 Final Structure

  QMMM: QM Region Cartesian Coordinates (*=link atom) 
  QMMM: QM_NO.   MM_NO.  ATOM         X         Y         Z
  QMMM:     1        1      C       59.4780   46.0142  -29.9726
  QMMM:     2        2      C       60.5668   48.5592  -30.5642
  QMMM:     3        3      C       59.8462   46.8621  -28.9225
  QMMM:     4        4      C       59.6319   46.4260  -31.3027
  QMMM:     5        5      C       60.4015   48.1219  -29.2315
  QMMM:     6        6      C       60.1546   47.6912  -31.5865
  QMMM:     7        7      O       60.2569   48.0199  -32.9280
  QMMM:     8        8      O       60.8269   49.0007  -28.2680
  QMMM:     9        9      O       59.1853   47.4284  -26.7094
  QMMM:    10       10      O       59.8820   45.3416  -27.0484
  QMMM:    11       11      C       58.9025   44.6632  -29.7104
  QMMM:    12       12      C       57.4472   44.7533  -29.2904
  QMMM:    13       13      C       56.8600   43.3758  -29.0708
  QMMM:    14       14      C       55.4111   43.4591  -28.6392
  QMMM:    15       15      C       61.1177   49.9179  -30.8330
  QMMM:    16       16      C       59.3970   51.6981  -31.3899
  QMMM:    17       17      C       60.0972   50.9514  -30.5243
  QMMM:    18       18      C       58.3573   52.6509  -30.8922
  QMMM:    19       19      C       54.8176   42.0920  -28.4170
  QMMM:    20       20      C       57.2823   51.9818  -30.0457
  QMMM:    21       21      C       59.6218   46.5001  -27.4648
  QMMM:    22       22      C       59.5630   51.6464  -32.8616
  QMMM:    23       23      C       57.6885   51.8100  -28.6320
  QMMM:    24       24      C       57.5416   50.7096  -27.8779
  QMMM:    25       25      C       56.9503   49.4247  -28.3199
  QMMM:    26       26      C       58.0200   50.6777  -26.4694
  QMMM:    27       27      H       59.4918   44.1737  -28.8839
  QMMM:    28       28      H       58.9904   44.0242  -30.6290
  QMMM:    29       29      H       56.8548   45.2969  -30.0714
  QMMM:    30       30      H       57.3902   45.3479  -28.3379
  QMMM:    31       31      H       57.4556   42.8400  -28.2851
  QMMM:    32       32      H       56.9360   42.7745  -30.0149
  QMMM:    33       33      H       54.8185   44.0045  -29.4205
  QMMM:    34       34      H       55.3415   44.0593  -27.6934
  QMMM:    35       35      H       59.3380   45.7688  -32.1316
  QMMM:    36       36      H       61.4996   49.9950  -31.8847
  QMMM:    37       37      H       62.0022   50.0834  -30.1539
  QMMM:    38       38      H       59.8888   51.0365  -29.4383
  QMMM:    39       39      H       57.8559   53.1488  -31.7655
  QMMM:    40       40      H       58.8568   53.4608  -30.2953
  QMMM:    41       41      H       55.3810   41.5442  -27.6232
  QMMM:    42       42      H       54.8586   41.4865  -29.3547
  QMMM:    43       43      H       53.7507   42.1759  -28.0981
  QMMM:    44       44      H       57.0081   51.0018  -30.5169
  QMMM:    45       45      H       56.3613   52.6291  -30.0687
  QMMM:    46       46      H       60.5772   51.2789  -33.1542
  QMMM:    47       47      H       59.4234   52.6598  -33.3140
  QMMM:    48       48      H       58.7997   50.9587  -33.3070
  QMMM:    49       49      H       58.1610   52.7051  -28.1902
  QMMM:    50       50      H       60.1830   48.9832  -32.9941
  QMMM:    51       51      H       56.7388   49.3980  -29.4144
  QMMM:    52       52      H       55.9930   49.2419  -27.7707
  QMMM:    53       53      H       57.6608   48.5856  -28.0702
  QMMM:    54       54      H       58.5754   51.6063  -26.1946
  QMMM:    55       55      H       58.6951   49.7897  -26.3281
  QMMM:    56       56      H       57.1510   50.5641  -25.7749
  QMMM:    57       57      H       60.5007   48.6968  -27.3962

           --------- Calculation Completed ----------

