            --------------------------------------------------------
                             AMBER SQM VERSION 17
 
                                     By
              Ross C. Walker, Michael F. Crowley, Scott Brozell,
                         Tim Giese, Andreas W. Goetz,
                        Tai-Sung Lee and David A. Case
 
            --------------------------------------------------------
 

--------------------------------------------------------------------------------
  QM CALCULATION INFO
--------------------------------------------------------------------------------

| QMMM: Citation for AMBER QMMM Run:
| QMMM: R.C. Walker, M.F. Crowley and D.A. Case, J. COMP. CHEM. 29:1019, 2008

QMMM: SINGLET STATE CALCULATION
QMMM: RHF CALCULATION, NO. OF DOUBLY OCCUPIED LEVELS =131

| QMMM: *** Selected Hamiltonian *** 
| QMMM: AM1         

| QMMM: *** Parameter sets in use ***
| QMMM: P : M.J.S.DEWAR et al. THEOCHEM, 187,1, (1989)
| QMMM: O : M.J.S.DEWAR et al. JACS, 107, 3902, (1985)
| QMMM: C : M.J.S.DEWAR et al. JACS, 107, 3902, (1985)
| QMMM: N : M.J.S.DEWAR et al. JACS, 107, 3902, (1985)
| QMMM: H : M.J.S.DEWAR et al. JACS, 107, 3902, (1985)

| QMMM: *** SCF convergence criteria ***
| QMMM: Energy change                :  0.1D-09 kcal/mol
| QMMM: Error matrix |FP-PF|         :  0.1D+00 au
| QMMM: Density matrix change        :  0.5D-06
| QMMM: Maximum number of SCF cycles :     1000

| QMMM: *** Diagonalization Routine Information ***
| QMMM: Pseudo diagonalizations are allowed.
| QMMM: Auto diagonalization routine selection is in use.
| QMMM:
| QMMM: Timing diagonalization routines:
| QMMM:                              norbs =      221
| QMMM:    diag iterations used for timing =        4
| QMMM:
| QMMM:              Internal diag routine = 0.136953 seconds
| QMMM:                 Dspev diag routine = 0.141223 seconds
| QMMM:                Dspevd diag routine = 0.127671 seconds
| QMMM:                Dspevx diag routine = 0.432959 seconds
| QMMM:                 Dsyev diag routine = 0.233740 seconds
| QMMM:                Dsyevd diag routine = 0.330813 seconds
| QMMM:                Dsyevr diag routine = 0.209910 seconds
| QMMM:
| QMMM:                Pseudo diag routine = 0.072751 seconds
| QMMM:
| QMMM: Using dspevd routine (diag_routine=3).

  QMMM: QM Region Cartesian Coordinates (*=link atom) 
  QMMM: QM_NO.   MM_NO.  ATOM         X         Y         Z
  QMMM:     1        1      P       -0.3030   16.5080   -9.1980
  QMMM:     2        2      O       -0.6450   17.3840   -8.0220
  QMMM:     3        3      O       -0.7580   17.1740  -10.4660
  QMMM:     4        4      O        1.2320   16.2480   -8.9770
  QMMM:     5        5      C        2.1010   16.2020  -10.0060
  QMMM:     6        6      C        3.4020   16.7310   -9.4540
  QMMM:     7        7      O        4.3150   16.6210  -10.5080
  QMMM:     8        8      C        3.3520   18.2180   -9.3160
  QMMM:     9        9      O        4.6010   18.5890   -8.8050
  QMMM:    10       10      C        3.2850   18.6840  -10.7570
  QMMM:    11       11      O        3.7420   19.9910  -10.9420
  QMMM:    12       12      C        4.2050   17.7090  -11.4330
  QMMM:    13       13      N        3.6290   17.2810  -12.7180
  QMMM:    14       14      C        2.4410   16.6250  -12.9850
  QMMM:    15       15      N        2.3320   16.4040  -14.3190
  QMMM:    16       16      C        3.4510   16.8990  -14.9080
  QMMM:    17       17      C        3.8940   16.9730  -16.2300
  QMMM:    18       18      N        3.1460   16.5320  -17.2410
  QMMM:    19       19      N        5.1190   17.5590  -16.5100
  QMMM:    20       20      C        5.9110   18.0630  -15.4990
  QMMM:    21       21      N        5.4900   17.9930  -14.2040
  QMMM:    22       22      C        4.2760   17.4420  -13.9100
  QMMM:    23       23      N        1.8820    7.0380   -5.1490
  QMMM:    24       24      C        2.4740    5.7780   -5.2620
  QMMM:    25       25      O        3.6590    5.6940   -5.6710
  QMMM:    26       26      N        1.7220    4.6320   -4.9020
  QMMM:    27       27      C        0.4200    4.7950   -4.4550
  QMMM:    28       28      O       -0.2230    3.7980   -4.1480
  QMMM:    29       29      C       -0.1640    6.0640   -4.3550
  QMMM:    30       30      N       -1.4660    6.2150   -3.9000
  QMMM:    31       31      C       -2.0280    7.4850   -3.8070
  QMMM:    32       32      C       -3.3430    7.6960   -3.3820
  QMMM:    33       33      C       -3.8590    9.0110   -3.3240
  QMMM:    34       34      C       -5.2710    9.2660   -2.8530
  QMMM:    35       35      C       -3.0760   10.1150   -3.7120
  QMMM:    36       36      C       -3.5810   11.5540   -3.6880
  QMMM:    37       37      C       -1.7760    9.8780   -4.1400
  QMMM:    38       38      C       -1.2640    8.5830   -4.1920
  QMMM:    39       39      N        0.0210    8.4320   -4.6430
  QMMM:    40       40      C        0.5850    7.1860   -4.7070
  QMMM:    41       41      C        0.7540    9.7010   -4.9350
  QMMM:    42       42      C        1.1680   10.0740   -6.3300
  QMMM:    43       43      O        2.0740    9.1280   -6.7960
  QMMM:    44       44      C        1.8290   11.4300   -6.2480
  QMMM:    45       45      O        0.9040   12.2350   -5.5630
  QMMM:    46       46      C        1.9830   11.9820   -7.6480
  QMMM:    47       47      O        3.0920   12.8800   -7.7090
  QMMM:    48       48      C        0.6560   12.6390   -8.0230
  QMMM:    49       49      O        0.6010   12.8680   -9.3960
  QMMM:    50       50      P       -0.6480   13.7120   -9.9320
  QMMM:    51       51      O       -0.3830   14.2160  -11.3520
  QMMM:    52       52      O       -1.8920   12.8360   -9.8240
  QMMM:    53       53      O       -0.8550   15.0050   -8.9540
  QMMM:    54       54      H        4.6310   19.5420   -8.6930
  QMMM:    55       55      H        3.1450   20.6030  -10.5060
  QMMM:    56       56      H        2.2440   16.1180  -17.0580
  QMMM:    57       57      H        3.4820   16.6120  -18.1900
  QMMM:    58       58      H        2.4160    7.8580   -5.3970
  QMMM:    59       59      H        2.1290    3.7100   -4.9690
  QMMM:    60       60      H        2.3130    9.3330   -7.7030
  QMMM:    61       61      H        0.9890   12.0890   -4.6180
  QMMM:    62       62      H        3.1790   13.2220   -8.6020

--------------------------------------------------------------------------------
  RESULTS
--------------------------------------------------------------------------------

      iter         sqm energy              rms gradient
      ----    -------------------    -----------------------
xmin    10      336.9728 kcal/mol        4.2940 kcal/(mol*A)
xmin    20      296.7757 kcal/mol        5.6363 kcal/(mol*A)
xmin    30      273.9607 kcal/mol        3.4721 kcal/(mol*A)
xmin    40      252.7224 kcal/mol        3.9666 kcal/(mol*A)
xmin    50      234.8815 kcal/mol        3.8840 kcal/(mol*A)
xmin    60      183.1471 kcal/mol        3.4442 kcal/(mol*A)
xmin    70      178.8092 kcal/mol        0.7760 kcal/(mol*A)
xmin    80      178.3562 kcal/mol        0.1438 kcal/(mol*A)
xmin    90      178.1317 kcal/mol        0.1516 kcal/(mol*A)
xmin   100      178.1095 kcal/mol        0.0696 kcal/(mol*A)
xmin   110      178.0702 kcal/mol        0.1810 kcal/(mol*A)
xmin   120      177.9645 kcal/mol        0.2420 kcal/(mol*A)
xmin   130      177.9250 kcal/mol        0.1115 kcal/(mol*A)
xmin   140      177.9032 kcal/mol        0.0817 kcal/(mol*A)
xmin   150      177.8697 kcal/mol        0.2944 kcal/(mol*A)
xmin   160      177.8522 kcal/mol        0.0383 kcal/(mol*A)
xmin   170      177.8373 kcal/mol        0.0686 kcal/(mol*A)
xmin   180      177.8311 kcal/mol        0.0676 kcal/(mol*A)
xmin   190      177.8204 kcal/mol        0.0685 kcal/(mol*A)
xmin   200      177.8124 kcal/mol        0.0847 kcal/(mol*A)
xmin   210      177.8057 kcal/mol        0.0422 kcal/(mol*A)
xmin   220      177.8036 kcal/mol        0.0359 kcal/(mol*A)
xmin   230      177.8019 kcal/mol        0.0457 kcal/(mol*A)
xmin   240      177.7939 kcal/mol        0.0426 kcal/(mol*A)
xmin   250      177.7864 kcal/mol        0.0653 kcal/(mol*A)
xmin   260      177.7541 kcal/mol        0.0461 kcal/(mol*A)
xmin   270      177.6990 kcal/mol        0.0918 kcal/(mol*A)
xmin   280      177.5839 kcal/mol        0.5727 kcal/(mol*A)
xmin   290      174.3363 kcal/mol        3.0186 kcal/(mol*A)
xmin   300      145.9226 kcal/mol        1.5829 kcal/(mol*A)
xmin   310      140.6863 kcal/mol        1.6992 kcal/(mol*A)
xmin   320      139.0916 kcal/mol        0.5075 kcal/(mol*A)
xmin   330      137.8435 kcal/mol        0.5161 kcal/(mol*A)
xmin   340      136.4620 kcal/mol        0.9436 kcal/(mol*A)
xmin   350      135.9430 kcal/mol        0.3162 kcal/(mol*A)
xmin   360      135.7884 kcal/mol        0.3531 kcal/(mol*A)
xmin   370      135.0758 kcal/mol        0.8119 kcal/(mol*A)
xmin   380      134.7522 kcal/mol        1.7480 kcal/(mol*A)
xmin   390      134.2152 kcal/mol        2.1752 kcal/(mol*A)
xmin   400      133.0165 kcal/mol        0.2472 kcal/(mol*A)
xmin   410      132.4354 kcal/mol        0.2455 kcal/(mol*A)
xmin   420      132.2165 kcal/mol        0.1745 kcal/(mol*A)
xmin   430      132.1968 kcal/mol        0.1136 kcal/(mol*A)
xmin   440      132.1278 kcal/mol        0.0881 kcal/(mol*A)
xmin   450      132.0889 kcal/mol        0.1407 kcal/(mol*A)
xmin   460      131.9900 kcal/mol        0.1246 kcal/(mol*A)
xmin   470      131.8953 kcal/mol        0.1414 kcal/(mol*A)
xmin   480      131.8680 kcal/mol        0.0965 kcal/(mol*A)
xmin   490      131.8698 kcal/mol        0.2604 kcal/(mol*A)
xmin   500      131.8409 kcal/mol        0.0441 kcal/(mol*A)
xmin   510      131.7900 kcal/mol        0.2230 kcal/(mol*A)
xmin   520      131.7525 kcal/mol        0.1163 kcal/(mol*A)
xmin   530      131.7281 kcal/mol        0.1980 kcal/(mol*A)
xmin   540      131.7024 kcal/mol        0.0836 kcal/(mol*A)
xmin   550      131.6952 kcal/mol        0.0323 kcal/(mol*A)
xmin   560      131.6913 kcal/mol        0.0359 kcal/(mol*A)
xmin   570      131.6397 kcal/mol        0.1074 kcal/(mol*A)
xmin   580      131.6063 kcal/mol        0.0915 kcal/(mol*A)
xmin   590      131.6040 kcal/mol        0.0419 kcal/(mol*A)
xmin   600      131.4750 kcal/mol        0.1762 kcal/(mol*A)
xmin   610      131.3584 kcal/mol        0.2301 kcal/(mol*A)
xmin   620      131.2808 kcal/mol        0.1017 kcal/(mol*A)
xmin   630      131.1701 kcal/mol        0.1412 kcal/(mol*A)
xmin   640      131.1227 kcal/mol        0.0943 kcal/(mol*A)
xmin   650      131.1003 kcal/mol        0.1172 kcal/(mol*A)
xmin   660      131.0563 kcal/mol        0.0871 kcal/(mol*A)
xmin   670      131.0379 kcal/mol        0.1878 kcal/(mol*A)
xmin   680      131.0148 kcal/mol        0.1030 kcal/(mol*A)
xmin   690      131.0107 kcal/mol        0.0253 kcal/(mol*A)
xmin   700      131.0085 kcal/mol        0.0354 kcal/(mol*A)
xmin   710      131.0044 kcal/mol        0.0530 kcal/(mol*A)
xmin   720      131.0024 kcal/mol        0.0208 kcal/(mol*A)
xmin   730      131.0011 kcal/mol        0.0303 kcal/(mol*A)
xmin   740      130.9967 kcal/mol        0.0299 kcal/(mol*A)
xmin   750      130.9953 kcal/mol        0.0654 kcal/(mol*A)
xmin   760      130.9946 kcal/mol        0.0131 kcal/(mol*A)
xmin   770      130.9940 kcal/mol        0.0128 kcal/(mol*A)
xmin   780      130.9936 kcal/mol        0.0075 kcal/(mol*A)
xmin   790      130.9931 kcal/mol        0.0146 kcal/(mol*A)
xmin   800      130.9926 kcal/mol        0.0040 kcal/(mol*A)
xmin   810      130.9923 kcal/mol        0.0127 kcal/(mol*A)
xmin   820      130.9920 kcal/mol        0.0108 kcal/(mol*A)
xmin   830      130.9918 kcal/mol        0.0105 kcal/(mol*A)
xmin   840      130.9917 kcal/mol        0.0024 kcal/(mol*A)
xmin   850      130.9917 kcal/mol        0.0015 kcal/(mol*A)
xmin   860      130.9917 kcal/mol        0.0024 kcal/(mol*A)
xmin   870      130.9916 kcal/mol        0.0025 kcal/(mol*A)
xmin   880      130.9916 kcal/mol        0.0012 kcal/(mol*A)
  ... geometry converged !
 
 Final MO eigenvalues (eV):
 -43.7350  -42.8683  -42.0959  -42.0238  -41.5762  -41.1610  -40.1233  -39.8985
 -39.7979  -39.6980  -39.6565  -39.2127  -38.5544  -38.3859  -38.0899  -37.5795
 -37.4505  -37.3644  -37.2129  -35.6084  -35.3147  -34.9045  -34.8155  -34.7437
 -34.3131  -33.7045  -33.2072  -32.9233  -32.3395  -31.1058  -30.3855  -30.0753
 -28.7152  -28.2370  -27.2014  -26.4306  -25.8294  -25.5979  -24.9190  -24.9096
 -24.3753  -23.7876  -23.4091  -22.7587  -22.6214  -22.0158  -21.7995  -21.7258
 -21.6955  -21.4437  -20.7726  -20.6591  -20.3237  -20.1683  -20.0671  -19.8284
 -19.7596  -19.0501  -18.9850  -18.8562  -18.6305  -18.5113  -18.4345  -18.2403
 -18.1863  -18.0337  -17.8920  -17.7497  -17.6234  -17.2829  -17.2460  -17.0525
 -16.7998  -16.7711  -16.7340  -16.6270  -16.5537  -16.5259  -16.1322  -16.0353
 -15.9760  -15.9430  -15.8025  -15.7347  -15.6834  -15.6148  -15.4052  -15.2816
 -15.2164  -15.2002  -14.9870  -14.9165  -14.8066  -14.5903  -14.4049  -14.3041
 -14.2941  -13.8567  -13.7240  -13.6375  -13.4058  -13.2395  -13.1124  -13.0341
 -12.9787  -12.8971  -12.8848  -12.8050  -12.6485  -12.5247  -12.4483  -12.4401
 -12.0677  -12.0243  -11.9030  -11.8605  -11.7588  -11.7486  -11.6267  -11.5425
 -11.4402  -11.3638  -11.2900  -10.8690  -10.2334  -10.2315   -9.9035   -9.8049
  -9.7945   -9.6515   -9.5791   -3.4023   -3.0556   -2.3969   -2.3485   -1.9930
  -1.8295   -1.7619   -1.5438   -1.3668   -1.2501   -0.8041   -0.6657   -0.3949
  -0.2250   -0.0995   -0.0936   -0.0235    0.2367    0.2896    0.3443    0.4324
   0.5615    0.7895    0.8985    0.9645    1.0360    1.1378    1.2515    1.4057
   1.4312    1.4695    1.5981    1.6633    1.6850    1.7463    1.8197    1.8494
   1.8668    2.0663    2.1933    2.2482    2.3376    2.3659    2.5255    2.5848
   2.6856    2.7651    2.8175    2.8604    2.8866    3.0736    3.1505    3.2665
   3.3075    3.3191    3.4719    3.5424    3.5646    3.6415    3.6946    3.8106
   3.9164    4.0424    4.1044    4.1508    4.1718    4.2552    4.3647    4.4326
   4.6153    4.7481    4.7567    4.8785    5.0351    5.0476    5.2143    5.2221
   5.2542    5.3847    5.4552    5.6156    5.6568    5.7608    5.9025    6.1261
   6.1833    6.5964    6.8935    6.8983    7.6018

 Heat of formation   =        130.99160849 kcal/mol  (        5.68022239 eV)

 Total SCF energy    =    -241696.75594529 kcal/mol  (   -10480.75781385 eV)
 Electronic energy   =   -2279922.82076877 kcal/mol  (   -98864.87232855 eV)
 Core-core repulsion =    2038226.06482348 kcal/mol  (    88384.11451470 eV)
 
    Atomic Charges for Step       1 :
  Atom    Element       Mulliken Charge
     1      P                  2.788
     2      O                 -0.681
     3      O                 -1.044
     4      O                 -0.648
     5      C                  0.109
     6      C                 -0.175
     7      O                 -0.056
     8      C                  0.155
     9      O                 -0.179
    10      C                 -0.102
    11      O                 -0.235
    12      C                  0.150
    13      N                 -0.179
    14      C                  0.191
    15      N                 -0.118
    16      C                 -0.123
    17      C                  0.275
    18      N                 -0.274
    19      N                 -0.331
    20      C                  0.090
    21      N                 -0.172
    22      C                  0.030
    23      N                 -0.260
    24      C                  0.444
    25      O                 -0.293
    26      N                 -0.343
    27      C                  0.388
    28      O                 -0.272
    29      C                 -0.192
    30      N                  0.084
    31      C                 -0.066
    32      C                  0.040
    33      C                 -0.405
    34      C                  0.469
    35      C                 -0.348
    36      C                  0.321
    37      C                  0.011
    38      C                 -0.104
    39      N                  0.133
    40      C                  0.185
    41      C                 -0.203
    42      C                  0.234
    43      O                 -0.171
    44      C                  0.340
    45      O                 -0.253
    46      C                 -0.245
    47      O                 -0.210
    48      C                  0.448
    49      O                 -0.756
    50      P                  2.738
    51      O                 -1.108
    52      O                 -1.148
    53      O                 -1.223
    54      H                  0.247
    55      H                  0.246
    56      H                  0.264
    57      H                  0.266
    58      H                  0.292
    59      H                  0.284
    60      H                  0.317
    61      H                  0.168
    62      H                  0.209
 Total Mulliken Charge =       0.000
 
                  X        Y        Z     TOTAL  
  QM DIPOLE     3.878   -8.092    0.567    8.991
 
 Final Structure

  QMMM: QM Region Cartesian Coordinates (*=link atom) 
  QMMM: QM_NO.   MM_NO.  ATOM         X         Y         Z
  QMMM:     1        1      P       -1.5010   15.7604   -8.2864
  QMMM:     2        2      O       -0.7541   15.6430   -6.8340
  QMMM:     3        3      O       -2.4406   16.8470   -8.3639
  QMMM:     4        4      O       -0.2672   15.7015   -9.3449
  QMMM:     5        5      C        0.5467   16.7481   -9.2258
  QMMM:     6        6      C        1.6386   16.8320  -10.1302
  QMMM:     7        7      O        1.8433   15.8519  -11.1374
  QMMM:     8        8      C        2.6575   17.7903  -10.2225
  QMMM:     9        9      O        2.7917   18.8749   -9.4358
  QMMM:    10       10      C        3.5209   17.4028  -11.3183
  QMMM:    11       11      O        4.5530   18.1708  -11.7589
  QMMM:    12       12      C        2.9763   16.2289  -11.8508
  QMMM:    13       13      N        3.3689   15.4089  -12.8998
  QMMM:    14       14      C        2.5500   14.7127  -13.7640
  QMMM:    15       15      N        3.3798   13.9127  -14.6885
  QMMM:    16       16      C        4.6237   14.1265  -14.3791
  QMMM:    17       17      C        5.9435   13.6440  -14.9043
  QMMM:    18       18      N        5.9322   12.7807  -15.9357
  QMMM:    19       19      N        7.0878   14.0993  -14.3153
  QMMM:    20       20      C        7.0793   14.9585  -13.2908
  QMMM:    21       21      N        5.8861   15.4987  -12.6905
  QMMM:    22       22      C        4.7623   15.1144  -13.1919
  QMMM:    23       23      N        1.1882   11.0911   -7.6034
  QMMM:    24       24      C        1.4526   11.1017   -9.0209
  QMMM:    25       25      O        1.9224   12.1353   -9.5176
  QMMM:    26       26      N        1.2618    9.9186   -9.7389
  QMMM:    27       27      C        0.8081    8.7195   -9.1681
  QMMM:    28       28      O        0.6007    7.7435   -9.8967
  QMMM:    29       29      C        0.6264    8.7220   -7.6849
  QMMM:    30       30      N        0.4226    7.5152   -7.0425
  QMMM:    31       31      C        0.3473    7.5164   -5.7275
  QMMM:    32       32      C        0.2218    6.2718   -5.0078
  QMMM:    33       33      C        0.3764    6.2772   -3.5914
  QMMM:    34       34      C        0.1987    5.0225   -3.1208
  QMMM:    35       35      C        0.6604    7.4981   -2.8343
  QMMM:    36       36      C        1.0237    7.4603   -1.5465
  QMMM:    37       37      C        0.5454    8.7479   -3.5598
  QMMM:    38       38      C        0.3831    8.7636   -4.9093
  QMMM:    39       39      N        0.2050   10.0027   -5.6326
  QMMM:    40       40      C        0.6700    9.9654   -7.0194
  QMMM:    41       41      C       -0.4233   10.9942   -5.1435
  QMMM:    42       42      C       -1.0140   12.0723   -4.6319
  QMMM:    43       43      O       -2.3277   12.2687   -4.4850
  QMMM:    44       44      C       -0.1700   13.2287   -4.0725
  QMMM:    45       45      O        0.3751   13.0729   -2.9818
  QMMM:    46       46      C       -0.1781   14.4002   -4.9056
  QMMM:    47       47      O        0.2986   15.5505   -4.3063
  QMMM:    48       48      C       -0.5505   14.4518   -6.2389
  QMMM:    49       49      O       -0.6591   13.4489   -7.0774
  QMMM:    50       50      P       -1.9531   12.7518   -8.0860
  QMMM:    51       51      O       -1.2091   11.9138   -9.0088
  QMMM:    52       52      O       -2.8416   12.3013   -7.0188
  QMMM:    53       53      O       -2.1038   14.3165   -8.4750
  QMMM:    54       54      H        3.5574   19.3787   -9.7704
  QMMM:    55       55      H        5.3771   17.6831  -11.5771
  QMMM:    56       56      H        5.0721   12.4777  -16.3348
  QMMM:    57       57      H        6.7862   12.4329  -16.3158
  QMMM:    58       58      H        1.1058   12.0000   -7.1798
  QMMM:    59       59      H        1.2584   10.0022  -10.7365
  QMMM:    60       60      H       -2.8688   11.7250   -5.1077
  QMMM:    61       61      H        0.5911    9.6798   -2.9652
  QMMM:    62       62      H       -0.4753   16.1111   -4.1343

           --------- Calculation Completed ----------

