
          -------------------------------------------------------
          Amber 18 SANDER                              2018
          -------------------------------------------------------

| Run on 05/28/2020 at 09:18:53

|   Executable path: sander
| Working directory: /Users/sethmartinez/Desktop/PRJ/PROJECT/MOLECULAR/QCMM/3VTE/exp.01
|          Hostname: Unknown
  [-O]verwriting output

File Assignments:
|  MDIN: em.water.in                                                           
| MDOUT: em.water.log                                                          
|INPCRD: complex.inpcrd                                                        
|  PARM: complex.prmtop                                                        
|RESTRT: em.water.rst                                                          
|  REFC: complex.inpcrd                                                        
| MDVEL: mdvel                                                                 
| MDFRC: mdfrc                                                                 
|  MDEN: mden                                                                  
| MDCRD: mdcrd                                                                 
|MDINFO: /dev/null                                                             
|  MTMD: mtmd                                                                  
|INPDIP: inpdip                                                                
|RSTDIP: rstdip                                                                
|INPTRA: inptraj                                                               


 Here is the input file:

[0] Solvent minimization                                                       
&cntrl                                                                         
    imin=1,                                                                    
    maxcyc=100,                                                                
    ntpr=10,                                                                   
    ntr=1,                                                                     
/                                                                              

--------------------------------------------------------------------------------
   1.  RESOURCE   USE: 
--------------------------------------------------------------------------------

| Flags:                                                                        
 getting new box info from bottom of inpcrd
|  INFO: Old style inpcrd file read

| peek_ewald_inpcrd: Box info found
|Largest sphere to fit in unit cell has radius =    32.009
| New format PARM file being parsed.
| Version =    1.000 Date = 05/28/20 Time = 09:14:55
 NATOM  =   31675 NTYPES =      34 NBONH =   27444 MBONA  =    4344
 NTHETH =    9456 MTHETA =    5901 NPHIH =   19114 MPHIA  =   18456
 NHPARM =       0 NPARM  =       0 NNB   =   77448 NRES   =    8288
 NBONA  =    4344 NTHETA =    5901 NPHIA =   18456 NUMBND =     105
 NUMANG =     232 NPTRA  =     233 NATYP =      59 NPHB   =       1
 IFBOX  =       2 NMXRS  =      82 IFCAP =       0 NEXTRA =       0
 NCOPY  =       0


|     Memory Use     Allocated
|     Real             2687224
|     Hollerith         103315
|     Integer          2548238
|     Max Pairs       10558333
|     nblistReal        380100
|     nblist Int       1469531
|       Total            81304 kbytes

| Note: 1-4 EEL scale factors are being read from the topology file.

| Note: 1-4 VDW scale factors are being read from the topology file.
| Duplicated    0 dihedrals
| Duplicated    0 dihedrals

     BOX TYPE: TRUNCATED OCTAHEDRON

--------------------------------------------------------------------------------
   2.  CONTROL  DATA  FOR  THE  RUN
--------------------------------------------------------------------------------

default_name                                                                    

General flags:
     imin    =       1, nmropt  =       0

Nature and format of input:
     ntx     =       1, irest   =       0, ntrx    =       1

Nature and format of output:
     ntxo    =       2, ntpr    =      10, ntrx    =       1, ntwr    =       1
     iwrap   =       0, ntwx    =       0, ntwv    =       0, ntwe    =       0
     ioutfm  =       1, ntwprt  =       0, idecomp =       0, rbornstat=      0

Potential function:
     ntf     =       1, ntb     =       1, igb     =       0, nsnb    =      25
     ipol    =       0, gbsa    =       0, iesp    =       0
     dielc   =   1.00000, cut     =   8.00000, intdiel =   1.00000

Frozen or restrained atoms:
     ibelly  =       0, ntr     =       1
     restraint_wt =   0.00000

Energy minimization:
     maxcyc  =     100, ncyc    =      10, ntmin   =       1
     dx0     =   0.01000, drms    =   0.00010

Ewald parameters:
     verbose =       0, ew_type =       0, nbflag  =       1, use_pme =       1
     vdwmeth =       1, eedmeth =       1, netfrc  =       0
     Box X =   78.405   Box Y =   78.405   Box Z =   78.405
     Alpha =  109.471   Beta  =  109.471   Gamma =  109.471
     NFFT1 =   80       NFFT2 =   80       NFFT3 =   80
     Cutoff=    8.000   Tol   =0.100E-04
     Ewald Coefficient =  0.34864
     Interpolation order =    4

    LOADING THE CONSTRAINED ATOMS AS GROUPS


   5.  REFERENCE ATOM COORDINATES

  defa
